<?xml version="1.0" encoding="UTF-8"?>
<robot generator="Robot 4.1.3 (Python 3.10.2 on win32)" generated="20220328 11:02:44.579" rpa="false" schemaversion="2">
<suite id="s1" name="BuscarCarrinho" source="c:\projects\automacao_serverest\specs\Carrinho\BuscarCarrinho.robot">
<test id="s1-t1" name="Cenario 1 - Buscar Carrinho pelo Id">
<kw name="Retornar Carrinho Pelo Id" library="Carrinho">
<var>${response}</var>
<arg>${id_carrinho}</arg>
<msg timestamp="20220328 11:02:44.952" level="TRACE">Arguments: [ ${payload}='qbMqntef4iTOwWfg' ]</msg>
<kw name="GET" library="RequestsLibrary">
<var>${response}</var>
<arg>${API_URL}/carrinhos/${payload}</arg>
<doc>Sends a GET request.</doc>
<msg timestamp="20220328 11:02:44.952" level="TRACE">Arguments: [ 'https://serverest.dev/carrinhos/qbMqntef4iTOwWfg' ]</msg>
<msg timestamp="20220328 11:02:44.957" level="DEBUG">Starting new HTTPS connection (1): serverest.dev:443</msg>
<msg timestamp="20220328 11:02:45.463" level="DEBUG">https://serverest.dev:443 "GET /carrinhos/qbMqntef4iTOwWfg HTTP/1.1" 200 401</msg>
<msg timestamp="20220328 11:02:45.468" level="INFO">GET Request : url=https://serverest.dev/carrinhos/qbMqntef4iTOwWfg 
 path_url=/carrinhos/qbMqntef4iTOwWfg 
 headers={'User-Agent': 'python-requests/2.27.1', 'Accept-Encoding': 'gzip, deflate', 'Accept': '*/*', 'Connection': 'keep-alive'} 
 body=None 
 </msg>
<msg timestamp="20220328 11:02:45.469" level="INFO">GET Response : url=https://serverest.dev/carrinhos/qbMqntef4iTOwWfg 
 status=200, reason=OK 
 headers={'access-control-allow-origin': '*', 'x-dns-prefetch-control': 'off', 'x-frame-options': 'SAMEORIGIN', 'strict-transport-security': 'max-age=15552000; includeSubDomains', 'x-download-options': 'noopen', 'x-content-type-options': 'nosniff', 'x-xss-protection': '1; mode=block', 'x-moesif-transaction-id': 'd2235f4b-484c-430a-8547-05a32de8a48d', 'content-type': 'application/json; charset=utf-8', 'X-Cloud-Trace-Context': '5c56bab099ee127fabae1bcaa0ab4785;o=1', 'Date': 'Mon, 28 Mar 2022 14:02:45 GMT', 'Server': 'Google Frontend', 'Content-Length': '401'} 
 body={
    "produtos": [
        {
            "idProduto": "BeeJh5lz3k6kSIzA",
            "quantidade": 2,
            "precoUnitario": 470
        },
        {
            "idProduto": "K6leHdftCeOJj8BJ",
            "quantidade": 1,
            "precoUnitario": 5240
        }
    ],
    "precoTotal": 6180,
    "quantidadeTotal": 3,
    "idUsuario": "oUb7aGkMtSEPf6BZ",
    "_id": "qbMqntef4iTOwWfg"
} 
 </msg>
<msg timestamp="20220328 11:02:45.469" level="TRACE">Return: &lt;Response [200]&gt;</msg>
<msg timestamp="20220328 11:02:45.470" level="INFO">${response} = &lt;Response [200]&gt;</msg>
<status status="PASS" starttime="20220328 11:02:44.952" endtime="20220328 11:02:45.471"/>
</kw>
<msg timestamp="20220328 11:02:45.472" level="TRACE">Return: &lt;Response [200]&gt;</msg>
<msg timestamp="20220328 11:02:45.472" level="INFO">${response} = &lt;Response [200]&gt;</msg>
<status status="PASS" starttime="20220328 11:02:44.951" endtime="20220328 11:02:45.472"/>
</kw>
<kw name="Status Should Be" library="RequestsLibrary">
<arg>200</arg>
<doc>Fails if response status code is different than the expected.</doc>
<msg timestamp="20220328 11:02:45.474" level="TRACE">Arguments: [ '200' ]</msg>
<msg timestamp="20220328 11:02:45.474" level="TRACE">Return: None</msg>
<status status="PASS" starttime="20220328 11:02:45.473" endtime="20220328 11:02:45.474"/>
</kw>
<kw name="Should Be Equal As Strings" library="BuiltIn">
<arg>${produto_1_id}</arg>
<arg>${response.json()['produtos'][0]['idProduto']}</arg>
<doc>Fails if objects are unequal after converting them to strings.</doc>
<msg timestamp="20220328 11:02:45.478" level="TRACE">Arguments: [ 'BeeJh5lz3k6kSIzA' | 'BeeJh5lz3k6kSIzA' ]</msg>
<msg timestamp="20220328 11:02:45.478" level="DEBUG">Argument types are:
&lt;type 'unicode'&gt;
&lt;type 'unicode'&gt;</msg>
<msg timestamp="20220328 11:02:45.478" level="TRACE">Return: None</msg>
<status status="PASS" starttime="20220328 11:02:45.475" endtime="20220328 11:02:45.479"/>
</kw>
<kw name="Should Be Equal As Integers" library="BuiltIn">
<arg>${quantidade_produto_1}</arg>
<arg>${response.json()['produtos'][0]['quantidade']}</arg>
<doc>Fails if objects are unequal after converting them to integers.</doc>
<msg timestamp="20220328 11:02:45.482" level="TRACE">Arguments: [ '2' | 2 ]</msg>
<msg timestamp="20220328 11:02:45.482" level="INFO">Argument types are:
&lt;type 'unicode'&gt;
&lt;class 'int'&gt;</msg>
<msg timestamp="20220328 11:02:45.483" level="TRACE">Return: None</msg>
<status status="PASS" starttime="20220328 11:02:45.479" endtime="20220328 11:02:45.483"/>
</kw>
<kw name="Should Be Equal As Integers" library="BuiltIn">
<arg>${preco_unitario_1}</arg>
<arg>${response.json()['produtos'][0]['precoUnitario']}</arg>
<doc>Fails if objects are unequal after converting them to integers.</doc>
<msg timestamp="20220328 11:02:45.487" level="TRACE">Arguments: [ '470' | 470 ]</msg>
<msg timestamp="20220328 11:02:45.487" level="INFO">Argument types are:
&lt;type 'unicode'&gt;
&lt;class 'int'&gt;</msg>
<msg timestamp="20220328 11:02:45.488" level="TRACE">Return: None</msg>
<status status="PASS" starttime="20220328 11:02:45.483" endtime="20220328 11:02:45.488"/>
</kw>
<kw name="Should Be Equal As Strings" library="BuiltIn">
<arg>${produto_2_id}</arg>
<arg>${response.json()['produtos'][1]['idProduto']}</arg>
<doc>Fails if objects are unequal after converting them to strings.</doc>
<msg timestamp="20220328 11:02:45.491" level="TRACE">Arguments: [ 'K6leHdftCeOJj8BJ' | 'K6leHdftCeOJj8BJ' ]</msg>
<msg timestamp="20220328 11:02:45.492" level="DEBUG">Argument types are:
&lt;type 'unicode'&gt;
&lt;type 'unicode'&gt;</msg>
<msg timestamp="20220328 11:02:45.492" level="TRACE">Return: None</msg>
<status status="PASS" starttime="20220328 11:02:45.488" endtime="20220328 11:02:45.492"/>
</kw>
<kw name="Should Be Equal As Integers" library="BuiltIn">
<arg>${quantidade_produto_2}</arg>
<arg>${response.json()['produtos'][1]['quantidade']}</arg>
<doc>Fails if objects are unequal after converting them to integers.</doc>
<msg timestamp="20220328 11:02:45.493" level="TRACE">Arguments: [ '1' | 1 ]</msg>
<msg timestamp="20220328 11:02:45.494" level="INFO">Argument types are:
&lt;type 'unicode'&gt;
&lt;class 'int'&gt;</msg>
<msg timestamp="20220328 11:02:45.494" level="TRACE">Return: None</msg>
<status status="PASS" starttime="20220328 11:02:45.492" endtime="20220328 11:02:45.494"/>
</kw>
<kw name="Should Be Equal As Integers" library="BuiltIn">
<arg>${preco_unitario_2}</arg>
<arg>${response.json()['produtos'][1]['precoUnitario']}</arg>
<doc>Fails if objects are unequal after converting them to integers.</doc>
<msg timestamp="20220328 11:02:45.495" level="TRACE">Arguments: [ '5240' | 5240 ]</msg>
<msg timestamp="20220328 11:02:45.496" level="INFO">Argument types are:
&lt;type 'unicode'&gt;
&lt;class 'int'&gt;</msg>
<msg timestamp="20220328 11:02:45.496" level="TRACE">Return: None</msg>
<status status="PASS" starttime="20220328 11:02:45.494" endtime="20220328 11:02:45.496"/>
</kw>
<kw name="Should Be Equal As Integers" library="BuiltIn">
<arg>${preco_total}</arg>
<arg>${response.json()['precoTotal']}</arg>
<doc>Fails if objects are unequal after converting them to integers.</doc>
<msg timestamp="20220328 11:02:45.497" level="TRACE">Arguments: [ '6180' | 6180 ]</msg>
<msg timestamp="20220328 11:02:45.497" level="INFO">Argument types are:
&lt;type 'unicode'&gt;
&lt;class 'int'&gt;</msg>
<msg timestamp="20220328 11:02:45.498" level="TRACE">Return: None</msg>
<status status="PASS" starttime="20220328 11:02:45.496" endtime="20220328 11:02:45.498"/>
</kw>
<kw name="Should Be Equal As Integers" library="BuiltIn">
<arg>${quantidade_total}</arg>
<arg>${response.json()['quantidadeTotal']}</arg>
<doc>Fails if objects are unequal after converting them to integers.</doc>
<msg timestamp="20220328 11:02:45.500" level="TRACE">Arguments: [ '3' | 3 ]</msg>
<msg timestamp="20220328 11:02:45.500" level="INFO">Argument types are:
&lt;type 'unicode'&gt;
&lt;class 'int'&gt;</msg>
<msg timestamp="20220328 11:02:45.500" level="TRACE">Return: None</msg>
<status status="PASS" starttime="20220328 11:02:45.498" endtime="20220328 11:02:45.500"/>
</kw>
<kw name="Should Be Equal As Strings" library="BuiltIn">
<arg>${id_usuario}</arg>
<arg>${response.json()['idUsuario']}</arg>
<doc>Fails if objects are unequal after converting them to strings.</doc>
<msg timestamp="20220328 11:02:45.501" level="TRACE">Arguments: [ 'oUb7aGkMtSEPf6BZ' | 'oUb7aGkMtSEPf6BZ' ]</msg>
<msg timestamp="20220328 11:02:45.502" level="DEBUG">Argument types are:
&lt;type 'unicode'&gt;
&lt;type 'unicode'&gt;</msg>
<msg timestamp="20220328 11:02:45.502" level="TRACE">Return: None</msg>
<status status="PASS" starttime="20220328 11:02:45.500" endtime="20220328 11:02:45.502"/>
</kw>
<kw name="Should Be Equal As Strings" library="BuiltIn">
<arg>${id_carrinho}</arg>
<arg>${response.json()['_id']}</arg>
<doc>Fails if objects are unequal after converting them to strings.</doc>
<msg timestamp="20220328 11:02:45.504" level="TRACE">Arguments: [ 'qbMqntef4iTOwWfg' | 'qbMqntef4iTOwWfg' ]</msg>
<msg timestamp="20220328 11:02:45.504" level="DEBUG">Argument types are:
&lt;type 'unicode'&gt;
&lt;type 'unicode'&gt;</msg>
<msg timestamp="20220328 11:02:45.504" level="TRACE">Return: None</msg>
<status status="PASS" starttime="20220328 11:02:45.502" endtime="20220328 11:02:45.504"/>
</kw>
<status status="PASS" starttime="20220328 11:02:44.950" endtime="20220328 11:02:45.505"/>
</test>
<doc>Consulta Carrinho</doc>
<status status="PASS" starttime="20220328 11:02:44.582" endtime="20220328 11:02:45.506"/>
</suite>
<statistics>
<total>
<stat pass="1" fail="0" skip="0">All Tests</stat>
</total>
<tag>
</tag>
<suite>
<stat pass="1" fail="0" skip="0" id="s1" name="BuscarCarrinho">BuscarCarrinho</stat>
</suite>
</statistics>
<errors>
</errors>
</robot>
